<?xml version="1.0" encoding="UTF-8"?>
<!-- Generated by org.testng.reporters.JUnitReportReporter -->
<testsuite hostname="LAPTOP-KCM827FE" failures="0" tests="1" name="com.sample.liveproject.LoginTest" time="22.928" errors="0" timestamp="2020-10-04T18:18:52 IST" skipped="0">
  <testcase classname="com.sample.liveproject.LoginTest" name="loginRediff" time="22.928"/>
  <system-out/>
</testsuite> <!-- com.sample.liveproject.LoginTest -->
