<?xml version="1.0" encoding="UTF-8"?>
<!-- Generated by org.testng.reporters.JUnitReportReporter -->
<testsuite hostname="LAPTOP-KCM827FE" failures="0" tests="1" name="com.sample.masterpart2.MouseHover" time="31.412" errors="0" timestamp="2020-10-03T22:10:51 IST" skipped="0">
  <testcase classname="com.sample.masterpart2.MouseHover" name="hovermouse" time="31.412"/>
  <system-out/>
</testsuite> <!-- com.sample.masterpart2.MouseHover -->
