<?xml version="1.0" encoding="UTF-8"?>
<!-- Generated by org.testng.reporters.JUnitReportReporter -->
<testsuite hostname="LAPTOP-KCM827FE" failures="0" tests="1" name="com.sample.masterselenium.VisiblityTest" time="13.718" errors="0" timestamp="2020-10-02T23:15:21 IST" skipped="0">
  <testcase classname="com.sample.masterselenium.VisiblityTest" name="webelementvisibilitytest" time="13.718"/>
  <system-out/>
</testsuite> <!-- com.sample.masterselenium.VisiblityTest -->
