<?xml version="1.0" encoding="UTF-8"?>
<!-- Generated by org.testng.reporters.JUnitReportReporter -->
<testsuite hostname="LAPTOP-KCM827FE" failures="0" tests="4" name="com.sample.tutorial.ExplicitWait" time="53.064" errors="0" timestamp="2020-10-02T21:07:25 IST" skipped="0">
  <testcase classname="com.sample.tutorial.ExplicitWait" name="visibilityofelement" time="6.415"/>
  <system-out/>
  <testcase classname="com.sample.tutorial.ExplicitWait" name="elementclicakble" time="16.628"/>
  <system-out/>
  <testcase classname="com.sample.tutorial.ExplicitWait" name="texttobepresent" time="18.526"/>
  <system-out/>
  <testcase classname="com.sample.tutorial.ExplicitWait" name="verifymyalert" time="11.495"/>
  <system-out/>
</testsuite> <!-- com.sample.tutorial.ExplicitWait -->
