<?xml version="1.0" encoding="UTF-8"?>
<!-- Generated by org.testng.reporters.JUnitReportReporter -->
<testsuite hostname="LAPTOP-KCM827FE" failures="0" tests="1" name="com.sample.tutorial.FirstSeleniumTest" time="37.515" errors="0" timestamp="2020-09-25T22:51:25 IST" skipped="0">
  <testcase classname="com.sample.tutorial.FirstSeleniumTest" name="verifyfacebooktitle" time="37.515"/>
  <system-out/>
</testsuite> <!-- com.sample.tutorial.FirstSeleniumTest -->
