<?xml version="1.0" encoding="UTF-8"?>
<!-- Generated by org.testng.reporters.JUnitReportReporter -->
<testsuite hostname="LAPTOP-KCM827FE" failures="0" tests="1" name="com.sample.masterselenium.FrameTest" time="14.611" errors="0" timestamp="2020-10-02T22:57:00 IST" skipped="0">
  <testcase classname="com.sample.masterselenium.FrameTest" name="Switchframe" time="14.611"/>
  <system-out/>
</testsuite> <!-- com.sample.masterselenium.FrameTest -->
