<?xml version="1.0" encoding="UTF-8"?>
<!-- Generated by org.testng.reporters.JUnitReportReporter -->
<testsuite hostname="LAPTOP-KCM827FE" failures="0" tests="1" name="com.sample.liveproject.PortfolioTest" time="19.690" errors="0" timestamp="2020-10-04T18:39:04 IST" skipped="0">
  <testcase classname="com.sample.liveproject.PortfolioTest" name="testCreatePortfolio" time="19.690"/>
  <system-out/>
</testsuite> <!-- com.sample.liveproject.PortfolioTest -->
