<?xml version="1.0" encoding="UTF-8"?>
<!-- Generated by org.testng.reporters.JUnitReportReporter -->
<testsuite hostname="LAPTOP-KCM827FE" failures="0" tests="1" name="com.sample.tutorial.ImplicitWait" time="12.679" errors="0" timestamp="2020-10-02T17:40:36 IST" skipped="0">
  <testcase classname="com.sample.tutorial.ImplicitWait" name="impliwait" time="12.679"/>
  <system-out/>
</testsuite> <!-- com.sample.tutorial.ImplicitWait -->
