<?xml version="1.0" encoding="UTF-8"?>
<!-- Generated by org.testng.reporters.JUnitReportReporter -->
<testsuite hostname="LAPTOP-KCM827FE" failures="0" tests="1" name="com.sample.masterpart2.DropdownTest" time="13.381" errors="0" timestamp="2020-10-03T18:34:09 IST" skipped="0">
  <testcase classname="com.sample.masterpart2.DropdownTest" name="SelectDOB" time="13.381"/>
  <system-out/>
</testsuite> <!-- com.sample.masterpart2.DropdownTest -->
