<?xml version="1.0" encoding="UTF-8"?>
<!-- Generated by org.testng.reporters.JUnitReportReporter -->
<testsuite hostname="LAPTOP-KCM827FE" failures="0" tests="1" name="com.sample.tutorial.PageloadTimeout" time="12.099" errors="0" timestamp="2020-10-02T17:21:55 IST" skipped="0">
  <testcase classname="com.sample.tutorial.PageloadTimeout" name="timeout" time="12.099"/>
  <system-out/>
</testsuite> <!-- com.sample.tutorial.PageloadTimeout -->
