<?xml version="1.0" encoding="UTF-8"?>
<!-- Generated by org.testng.reporters.JUnitReportReporter -->
<testsuite hostname="LAPTOP-KCM827FE" failures="0" tests="1" name="com.sample.masterpart2.DragandDrop" time="16.311" errors="0" timestamp="2020-10-03T22:41:24 IST" skipped="0">
  <testcase classname="com.sample.masterpart2.DragandDrop" name="customdroptest" time="16.311"/>
  <system-out/>
</testsuite> <!-- com.sample.masterpart2.DragandDrop -->
