<?xml version="1.0" encoding="UTF-8"?>
<!-- Generated by org.testng.reporters.JUnitReportReporter -->
<testsuite hostname="LAPTOP-KCM827FE" failures="0" tests="1" name="com.sample.masterselenium.ExtractText$SampleClass" time="14.878" errors="0" timestamp="2020-10-02T21:24:13 IST" skipped="0">
  <testcase classname="com.sample.masterselenium.ExtractText$SampleClass" name="extracttextfromfacebook" time="14.878"/>
  <system-out/>
</testsuite> <!-- com.sample.masterselenium.ExtractText$SampleClass -->
