<?xml version="1.0" encoding="UTF-8"?>
<!-- Generated by org.testng.reporters.JUnitReportReporter -->
<testsuite hostname="LAPTOP-KCM827FE" failures="0" tests="1" name="com.sample.tutorial.MethodsinOptionClass" time="19.448" errors="0" timestamp="2020-09-27T12:43:25 IST" skipped="0">
  <testcase classname="com.sample.tutorial.MethodsinOptionClass" name="unhandledchrome" time="19.448"/>
  <system-out/>
</testsuite> <!-- com.sample.tutorial.MethodsinOptionClass -->
