<?xml version="1.0" encoding="UTF-8"?>
<!-- Generated by org.testng.reporters.JUnitReportReporter -->
<testsuite hostname="LAPTOP-KCM827FE" failures="0" tests="1" name="com.sample.masterpart2.MutliSelectDropdown" time="14.817" errors="0" timestamp="2020-10-03T18:55:19 IST" skipped="0">
  <testcase classname="com.sample.masterpart2.MutliSelectDropdown" name="MultiSelectDrop" time="14.817"/>
  <system-out/>
</testsuite> <!-- com.sample.masterpart2.MutliSelectDropdown -->
