<?xml version="1.0" encoding="UTF-8"?>
<!-- Generated by org.testng.reporters.JUnitReportReporter -->
<testsuite hostname="LAPTOP-KCM827FE" failures="0" tests="1" name="com.sample.tutorial.GoogleSearch" time="20.436" errors="0" timestamp="2020-10-02T15:19:04 IST" skipped="0">
  <testcase classname="com.sample.tutorial.GoogleSearch" name="search" time="20.436"/>
  <system-out/>
</testsuite> <!-- com.sample.tutorial.GoogleSearch -->
