<?xml version="1.0" encoding="UTF-8"?>
<!-- Generated by org.testng.reporters.JUnitReportReporter -->
<testsuite hostname="LAPTOP-KCM827FE" failures="0" tests="1" name="com.sample.liveproject.LoginTest" time="27.395" errors="0" timestamp="2021-03-13T13:00:04 IST" skipped="0">
  <testcase classname="com.sample.liveproject.LoginTest" name="loginRediff" time="27.395"/>
  <system-out/>
</testsuite> <!-- com.sample.liveproject.LoginTest -->
