<?xml version="1.0" encoding="UTF-8"?>
<!-- Generated by org.testng.reporters.JUnitReportReporter -->
<testsuite hostname="LAPTOP-KCM827FE" failures="0" tests="1" name="com.sample.tutorial.WebelementTutorial" time="14.861" errors="0" timestamp="2020-09-27T15:44:55 IST" skipped="0">
  <testcase classname="com.sample.tutorial.WebelementTutorial" name="elementfinf" time="14.861"/>
  <system-out/>
</testsuite> <!-- com.sample.tutorial.WebelementTutorial -->
